

Test Case 1
Time-shared computer model

Number of terminals       10 to 100 by    5

Mean think time       20.000 seconds

Mean service time      0.750 seconds

Quantum                0.100 seconds

Swap time              0.015 seconds

Number of jobs processed       10000


Number of      Average         Average        Average         Average         Utilization
terminals   response time  N in queue 1       of CPU 1     N in queue 2       of CPU 2
   10        9916.288           0.000           0.000           0.000           0.008

   15        6672.791           0.000           0.000           0.000           0.011

   20        4999.579           0.000           0.000           0.000           0.015

   25        4111.327           0.000           0.000           0.000           0.018

   30        3414.644           0.000           0.000           0.000           0.022

   35        2917.497           0.000           0.000           0.000           0.026

   40        2498.715           0.000           0.000           0.000           0.030

   45        2223.561           0.000           0.000           0.001           0.033

   50        2022.465           0.000           0.000           0.001           0.037

   55        1850.570           0.000           0.000           0.001           0.041

   60        1690.131           0.000           0.000           0.001           0.044

   65        1549.217           0.000           0.000           0.001           0.049

   70        1446.827           0.000           0.000           0.001           0.052

   75        1333.601           0.000           0.000           0.002           0.056

   80        1257.843           0.000           0.000           0.002           0.060

   85        1150.976           0.000           0.000           0.002           0.065

   90        1129.625           0.000           0.000           0.003           0.067

   95        1063.016           0.000           0.000           0.002           0.070

  100         985.729           0.000           0.000           0.003           0.076


Test Case 2
Time-shared computer model

Number of terminals       10 to 100 by   10

Mean think time       25.000 seconds

Mean service time      0.750 seconds

Quantum                0.100 seconds

Swap time              0.015 seconds

Number of jobs processed      100000


Number of      Average         Average        Average         Average         Utilization
terminals   response time  N in queue 1       of CPU 1     N in queue 2       of CPU 2
   10      124191.753           0.000           0.000           0.000           0.006

   20       62468.097           0.000           0.000           0.000           0.012

   30       41715.402           0.000           0.000           0.000           0.018

   40       31099.050           0.000           0.000           0.000           0.024

   50       25145.347           0.000           0.000           0.000           0.030

   60       20906.090           0.000           0.000           0.001           0.036

   70       17896.351           0.000           0.000           0.001           0.042

   80       15617.825           0.000           0.000           0.001           0.048

   90       13805.652           0.000           0.000           0.002           0.054

  100       12518.518           0.000           0.000           0.002           0.060


Test Case 3
Time-shared computer model

Number of terminals       50 to 250 by    5

Mean think time       25.000 seconds

Mean service time      1.000 seconds

Quantum                0.100 seconds

Swap time              0.015 seconds

Number of jobs processed       10000


Number of      Average         Average        Average         Average         Utilization
terminals   response time  N in queue 1       of CPU 1     N in queue 2       of CPU 2
   50        2527.308           0.000           0.000           0.000           0.030

   55        2325.968           0.000           0.000           0.001           0.032

   60        2093.374           0.000           0.000           0.001           0.036

   65        1916.002           0.000           0.000           0.001           0.039

   70        1762.003           0.000           0.000           0.001           0.042

   75        1675.947           0.000           0.000           0.001           0.045

   80        1551.710           0.000           0.000           0.001           0.048

   85        1468.816           0.000           0.000           0.001           0.051

   90        1389.012           0.000           0.000           0.002           0.054

   95        1333.123           0.000           0.000           0.002           0.056

  100        1260.846           0.000           0.000           0.002           0.060

  105        1198.860           0.000           0.000           0.002           0.063

  110        1168.007           0.000           0.000           0.002           0.065

  115        1088.875           0.000           0.000           0.003           0.069

  120        1028.187           0.000           0.000           0.003           0.073

  125        1001.516           0.000           0.000           0.003           0.075

  130         990.370           0.000           0.000           0.003           0.076

  135         927.068           0.000           0.000           0.004           0.081

  140         883.304           0.000           0.000           0.004           0.085

  145         869.819           0.000           0.000           0.004           0.086

  150         838.675           0.000           0.000           0.004           0.090

  155         811.192           0.000           0.000           0.004           0.092

  160         778.814           0.000           0.000           0.005           0.096

  165         765.725           0.000           0.000           0.005           0.099

  170         765.697           0.000           0.000           0.006           0.100

  175         711.925           0.000           0.000           0.007           0.105

  180         688.668           0.000           0.000           0.007           0.108

  185         675.525           0.000           0.000           0.007           0.112

  190         652.277           0.000           0.000           0.007           0.115

  195         634.638           0.000           0.000           0.008           0.118

  200         619.716           0.000           0.000           0.008           0.122

  205         613.851           0.000           0.000           0.008           0.121

  210         601.977           0.000           0.000           0.009           0.124

  215         582.524           0.000           0.000           0.009           0.128

  220         561.985           0.000           0.000           0.011           0.134

  225         550.339           0.000           0.000           0.011           0.135

  230         543.846           0.000           0.000           0.011           0.137

  235         541.738           0.000           0.000           0.011           0.139

  240         523.142           0.000           0.000           0.014           0.144

  245         514.988           0.000           0.000           0.013           0.146

  250         495.068           0.000           0.000           0.013           0.151


Test Case 4
Time-shared computer model

Number of terminals       50 to 500 by   10

Mean think time       50.000 seconds

Mean service time      1.250 seconds

Quantum                0.100 seconds

Swap time              0.015 seconds

Number of jobs processed      100000


Number of      Average         Average        Average         Average         Utilization
terminals   response time  N in queue 1       of CPU 1     N in queue 2       of CPU 2
   50       50213.445           0.000           0.000           0.000           0.015

   60       41572.691           0.000           0.000           0.000           0.018

   70       35636.537           0.000           0.000           0.000           0.021

   80       31436.320           0.000           0.000           0.000           0.024

   90       27819.181           0.000           0.000           0.000           0.027

  100       24856.628           0.000           0.000           0.000           0.030

  110       22784.226           0.000           0.000           0.001           0.033

  120       20844.340           0.000           0.000           0.001           0.036

  130       19337.308           0.000           0.000           0.001           0.039

  140       17717.645           0.000           0.000           0.001           0.042

  150       16669.718           0.000           0.000           0.001           0.045

  160       15684.352           0.000           0.000           0.001           0.048

  170       14676.480           0.000           0.000           0.001           0.051

  180       13841.100           0.000           0.000           0.002           0.054

  190       13178.698           0.000           0.000           0.002           0.057

  200       12458.504           0.000           0.000           0.002           0.060

  210       11972.097           0.000           0.000           0.002           0.063

  220       11332.381           0.000           0.000           0.002           0.066

  230       10883.213           0.000           0.000           0.003           0.069

  240       10433.759           0.000           0.000           0.003           0.072

  250       10076.678           0.000           0.000           0.003           0.075

  260        9579.375           0.000           0.000           0.003           0.078

  270        9264.228           0.000           0.000           0.004           0.081

  280        8904.707           0.000           0.000           0.004           0.084

  290        8607.257           0.000           0.000           0.004           0.087

  300        8337.047           0.000           0.000           0.004           0.090

  310        8082.973           0.000           0.000           0.005           0.093

  320        7836.442           0.000           0.000           0.005           0.096

  330        7545.930           0.000           0.000           0.005           0.099

  340        7391.130           0.000           0.000           0.006           0.102

  350        7059.127           0.000           0.000           0.006           0.106

  360        6939.752           0.000           0.000           0.007           0.108

  370        6736.193           0.000           0.000           0.007           0.111

  380        6559.666           0.000           0.000           0.007           0.114

  390        6418.151           0.000           0.000           0.008           0.117

  400        6259.237           0.000           0.000           0.008           0.120

  410        6109.722           0.000           0.000           0.009           0.123

  420        5933.306           0.000           0.000           0.009           0.126

  430        5790.732           0.000           0.000           0.010           0.129

  440        5689.712           0.000           0.000           0.010           0.132

  450        5570.980           0.000           0.000           0.010           0.135

  460        5447.746           0.000           0.000           0.011           0.138

  470        5312.232           0.000           0.000           0.012           0.141

  480        5210.800           0.000           0.000           0.012           0.144

  490        5116.132           0.000           0.000           0.013           0.146

  500        5056.754           0.000           0.000           0.013           0.149


Test Case 5
Time-shared computer model

Number of terminals      100 to 500 by   25

Mean think time       50.000 seconds

Mean service time      1.250 seconds

Quantum                0.100 seconds

Swap time              0.015 seconds

Number of jobs processed       10000


Number of      Average         Average        Average         Average         Utilization
terminals   response time  N in queue 1       of CPU 1     N in queue 2       of CPU 2
  100        2494.612           0.000           0.000           0.000           0.030

  125        1983.522           0.000           0.000           0.001           0.038

  150        1644.067           0.000           0.000           0.001           0.045

  175        1441.906           0.000           0.000           0.001           0.052

  200        1265.342           0.000           0.000           0.002           0.060

  225        1104.956           0.000           0.000           0.002           0.068

  250        1005.225           0.000           0.000           0.003           0.075

  275         916.391           0.000           0.000           0.004           0.082

  300         831.317           0.000           0.000           0.005           0.090

  325         788.465           0.000           0.000           0.005           0.095

  350         712.021           0.000           0.000           0.006           0.104

  375         657.919           0.000           0.000           0.007           0.114

  400         615.902           0.000           0.000           0.008           0.122

  425         596.001           0.000           0.000           0.009           0.127

  450         542.794           0.000           0.000           0.011           0.137

  475         536.736           0.000           0.000           0.012           0.140

  500         504.029           0.000           0.000           0.013           0.150
